{
  "RSpec": {
    "coverage": {
      "/home/anjanaN/tic-tac-toe-rb-online-web-sp-000/lib/tic_tac_toe.rb": [
        null,
        1,
        null,
        null,
        null,
        null,
        null,
        null,
        null,
        null,
        null,
        1,
        17,
        17,
        17,
        17,
        17,
        null,
        null,
        1,
        17,
        null,
        null,
        1,
        17,
        null,
        null,
        1,
        704,
        237,
        467,
        467,
        null,
        null,
        null,
        1,
        17,
        17,
        null,
        0,
        null,
        null,
        null,
        1,
        17,
        17,
        17,
        17,
        17,
        17,
        null,
        0,
        null,
        null,
        null,
        1,
        17,
        17,
        153,
        26,
        null,
        null,
        17,
        null,
        null,
        1,
        17,
        17,
        null,
        null,
        1,
        50,
        324,
        324,
        324,
        null,
        324,
        104,
        16,
        null,
        null,
        null,
        34,
        null,
        null,
        1,
        26,
        108,
        null,
        null,
        null,
        1,
        16,
        4,
        null,
        null,
        null,
        1,
        18,
        8,
        null,
        null,
        null,
        1,
        4,
        4,
        4,
        null,
        null,
        null,
        1,
        12,
        17,
        null,
        12,
        5,
        5,
        7,
        3,
        null,
        null
      ]
    },
    "timestamp": 1555265363
  }
}
